**************************** SYSTEM DETAILS *************************************************************
NAME="Red Hat Enterprise Linux Server"
VERSION="7.5 (Maipo)"
ID="rhel"
ID_LIKE="fedora"
VARIANT="Server"
VARIANT_ID="server"
VERSION_ID="7.5"
PRETTY_NAME="Red Hat Enterprise Linux Server 7.5 (Maipo)"
ANSI_COLOR="0;31"
CPE_NAME="cpe:/o:redhat:enterprise_linux:7.5:GA:server"
HOME_URL="https://www.redhat.com/"
BUG_REPORT_URL="https://bugzilla.redhat.com/"

REDHAT_BUGZILLA_PRODUCT="Red Hat Enterprise Linux 7"
REDHAT_BUGZILLA_PRODUCT_VERSION=7.5
REDHAT_SUPPORT_PRODUCT="Red Hat Enterprise Linux"
REDHAT_SUPPORT_PRODUCT_VERSION="7.5"
Linux version 4.4.0-137-generic (buildd@bos02-s390x-010) (gcc version 5.4.0 20160609 (Ubuntu 5.4.0-6ubuntu1~16.04.10) ) #163-Ubuntu SMP Mon Sep 24 13:14:17 UTC 2018
*********************************************************************************************************
Request details : PACKAGE NAME= etcd , VERSION= 3.3.8
 Selected Yes for prerequisite installation. The installation will proceed.

Installing etcd 3.3.8 for rhel-7.5
Setting default value for GOPATH
Setting default value for ETCD
Cloned the etcd code
Build etcd successfully
 etcd Installation verified... continue with etcd installation...
Cleaned up the artifacts
